<?xml version="1.0" encoding="UTF-8"?>
<testng-results ignored="0" total="2" passed="2" failed="0" skipped="0">
  <reporter-output>
  </reporter-output>
  <suite started-at="2023-03-10T18:04:00 IST" name="Suite" finished-at="2023-03-10T18:04:31 IST" duration-ms="30514">
    <groups>
    </groups>
    <test started-at="2023-03-10T18:04:00 IST" name="Prem" finished-at="2023-03-10T18:04:21 IST" duration-ms="20308">
      <class name="Base.runner">
        <test-method is-config="true" signature="d(java.lang.String,java.lang.String)[pri:0, instance:Base.runner@27462a88]" started-at="2023-03-10T18:04:00 IST" name="d" finished-at="2023-03-10T18:04:11 IST" duration-ms="10627" status="PASS">
          <params>
            <param index="0">
              <value>
                <![CDATA[762]]>
              </value>
            </param>
            <param index="1">
              <value>
                <![CDATA[prem2180%]]>
              </value>
            </param>
          </params>
          <reporter-output>
          </reporter-output>
        </test-method> <!-- d -->
        <test-method signature="login()[pri:0, instance:Base.runner@27462a88]" started-at="2023-03-10T18:04:11 IST" name="login" finished-at="2023-03-10T18:04:20 IST" duration-ms="9184" status="PASS">
          <reporter-output>
          </reporter-output>
        </test-method> <!-- login -->
        <test-method is-config="true" signature="exit()[pri:0, instance:Base.runner@27462a88]" started-at="2023-03-10T18:04:20 IST" name="exit" finished-at="2023-03-10T18:04:21 IST" duration-ms="407" status="PASS">
          <reporter-output>
          </reporter-output>
        </test-method> <!-- exit -->
      </class> <!-- Base.runner -->
    </test> <!-- Prem -->
    <test started-at="2023-03-10T18:04:00 IST" name="Ashok" finished-at="2023-03-10T18:04:31 IST" duration-ms="30514">
      <class name="Base.runner">
        <test-method is-config="true" signature="d(java.lang.String,java.lang.String)[pri:0, instance:Base.runner@4f2b503c]" started-at="2023-03-10T18:04:00 IST" name="d" finished-at="2023-03-10T18:04:12 IST" duration-ms="11426" status="PASS">
          <params>
            <param index="0">
              <value>
                <![CDATA[716]]>
              </value>
            </param>
            <param index="1">
              <value>
                <![CDATA[Nani@279]]>
              </value>
            </param>
          </params>
          <reporter-output>
          </reporter-output>
        </test-method> <!-- d -->
        <test-method signature="login()[pri:0, instance:Base.runner@4f2b503c]" started-at="2023-03-10T18:04:12 IST" name="login" finished-at="2023-03-10T18:04:31 IST" duration-ms="18759" status="PASS">
          <reporter-output>
          </reporter-output>
        </test-method> <!-- login -->
        <test-method is-config="true" signature="exit()[pri:0, instance:Base.runner@4f2b503c]" started-at="2023-03-10T18:04:31 IST" name="exit" finished-at="2023-03-10T18:04:31 IST" duration-ms="265" status="PASS">
          <reporter-output>
          </reporter-output>
        </test-method> <!-- exit -->
      </class> <!-- Base.runner -->
    </test> <!-- Ashok -->
  </suite> <!-- Suite -->
</testng-results>
