<?xml version="1.0" encoding="UTF-8"?>
<testng-results ignored="0" total="1" passed="1" failed="0" skipped="0">
  <reporter-output>
  </reporter-output>
  <suite started-at="2023-03-10T20:17:37 IST" name="Default suite" finished-at="2023-03-10T20:18:30 IST" duration-ms="52863">
    <groups>
    </groups>
    <test started-at="2023-03-10T20:17:37 IST" name="Default test" finished-at="2023-03-10T20:18:30 IST" duration-ms="52863">
      <class name="Base.runner">
        <test-method is-config="true" signature="d(java.lang.String,java.lang.String)[pri:0, instance:Base.runner@543295b0]" started-at="2023-03-10T20:17:37 IST" name="d" finished-at="2023-03-10T20:17:46 IST" duration-ms="8508" status="PASS">
          <params>
            <param index="0">
              <value>
                <![CDATA[762]]>
              </value>
            </param>
            <param index="1">
              <value>
                <![CDATA[prem2180%]]>
              </value>
            </param>
          </params>
          <reporter-output>
          </reporter-output>
        </test-method> <!-- d -->
        <test-method signature="login()[pri:0, instance:Base.runner@543295b0]" started-at="2023-03-10T20:17:46 IST" name="login" finished-at="2023-03-10T20:18:28 IST" duration-ms="42493" status="PASS">
          <reporter-output>
          </reporter-output>
        </test-method> <!-- login -->
        <test-method is-config="true" signature="exit()[pri:0, instance:Base.runner@543295b0]" started-at="2023-03-10T20:18:30 IST" name="exit" finished-at="2023-03-10T20:18:30 IST" duration-ms="334" status="PASS">
          <reporter-output>
          </reporter-output>
        </test-method> <!-- exit -->
      </class> <!-- Base.runner -->
    </test> <!-- Default test -->
  </suite> <!-- Default suite -->
</testng-results>
